<?xml version="1.0" encoding="UTF-8"?>
<!-- Generated by org.testng.reporters.JUnitReportReporter -->
<testsuite hostname="DESKTOP-TGLOTT4" failures="0" tests="1" name="Academy.validateNavigationBar" time="0.085" errors="0" timestamp="2022-04-10T17:27:01 EDT" skipped="0">
  <testcase classname="Academy.validateNavigationBar" name="validateAppNavBar" time="0.085"/>
  <system-out/>
</testsuite> <!-- Academy.validateNavigationBar -->
